Active database: graph.db
Directories in use:
  home:         /Users/mmikol/Library/Application Support/Neo4j Desktop/Application/neo4jDatabases/database-d4f0cde4-a656-47c5-ab9a-e6a9cd9efb5c/installation-3.5.12
  config:       /Users/mmikol/Library/Application Support/Neo4j Desktop/Application/neo4jDatabases/database-d4f0cde4-a656-47c5-ab9a-e6a9cd9efb5c/installation-3.5.12/conf
  logs:         /Users/mmikol/Library/Application Support/Neo4j Desktop/Application/neo4jDatabases/database-d4f0cde4-a656-47c5-ab9a-e6a9cd9efb5c/installation-3.5.12/logs
  plugins:      /Users/mmikol/Library/Application Support/Neo4j Desktop/Application/neo4jDatabases/database-d4f0cde4-a656-47c5-ab9a-e6a9cd9efb5c/installation-3.5.12/plugins
  import:       /Users/mmikol/Library/Application Support/Neo4j Desktop/Application/neo4jDatabases/database-d4f0cde4-a656-47c5-ab9a-e6a9cd9efb5c/installation-3.5.12/import
  data:         /Users/mmikol/Library/Application Support/Neo4j Desktop/Application/neo4jDatabases/database-d4f0cde4-a656-47c5-ab9a-e6a9cd9efb5c/installation-3.5.12/data
  certificates: /Users/mmikol/Library/Application Support/Neo4j Desktop/Application/neo4jDatabases/database-d4f0cde4-a656-47c5-ab9a-e6a9cd9efb5c/installation-3.5.12/certificates
  run:          /Users/mmikol/Library/Application Support/Neo4j Desktop/Application/neo4jDatabases/database-d4f0cde4-a656-47c5-ab9a-e6a9cd9efb5c/installation-3.5.12/run
Starting Neo4j.
2019-11-24 01:46:49.904+0000 INFO  ======== Neo4j 3.5.12 ========
2019-11-24 01:46:49.920+0000 INFO  Starting...
2019-11-24 01:46:51.829+0000 INFO  Initiating metrics...
2019-11-24 01:46:54.023+0000 INFO  Sending metrics to CSV file at /Users/mmikol/Library/Application Support/Neo4j Desktop/Application/neo4jDatabases/database-d4f0cde4-a656-47c5-ab9a-e6a9cd9efb5c/installation-3.5.12/metrics
2019-11-24 01:46:55.157+0000 INFO  Bolt enabled on 127.0.0.1:7687.
2019-11-24 01:46:57.041+0000 WARN  Server thread metrics not available (missing neo4j.server.threads.jetty.all)
2019-11-24 01:46:57.043+0000 WARN  Server thread metrics not available (missing neo4j.server.threads.jetty.idle)
2019-11-24 01:46:57.992+0000 INFO  Started.
2019-11-24 01:46:58.299+0000 INFO  Mounted REST API at: /db/manage
2019-11-24 01:46:58.475+0000 INFO  Server thread metrics have been registered successfully
2019-11-24 01:47:00.094+0000 INFO  Remote interface available at http://localhost:7474/
2019-11-24 19:21:47.482+0000 INFO  Neo4j Server shutdown initiated by request
2019-11-24 19:21:47.607+0000 INFO  Stopping...
Active database: graph.db
Directories in use:
  home:         /Users/mmikol/Library/Application Support/Neo4j Desktop/Application/neo4jDatabases/database-d4f0cde4-a656-47c5-ab9a-e6a9cd9efb5c/installation-3.5.12
  config:       /Users/mmikol/Library/Application Support/Neo4j Desktop/Application/neo4jDatabases/database-d4f0cde4-a656-47c5-ab9a-e6a9cd9efb5c/installation-3.5.12/conf
  logs:         /Users/mmikol/Library/Application Support/Neo4j Desktop/Application/neo4jDatabases/database-d4f0cde4-a656-47c5-ab9a-e6a9cd9efb5c/installation-3.5.12/logs
  plugins:      /Users/mmikol/Library/Application Support/Neo4j Desktop/Application/neo4jDatabases/database-d4f0cde4-a656-47c5-ab9a-e6a9cd9efb5c/installation-3.5.12/plugins
  import:       /Users/mmikol/Library/Application Support/Neo4j Desktop/Application/neo4jDatabases/database-d4f0cde4-a656-47c5-ab9a-e6a9cd9efb5c/installation-3.5.12/import
  data:         /Users/mmikol/Library/Application Support/Neo4j Desktop/Application/neo4jDatabases/database-d4f0cde4-a656-47c5-ab9a-e6a9cd9efb5c/installation-3.5.12/data
  certificates: /Users/mmikol/Library/Application Support/Neo4j Desktop/Application/neo4jDatabases/database-d4f0cde4-a656-47c5-ab9a-e6a9cd9efb5c/installation-3.5.12/certificates
  run:          /Users/mmikol/Library/Application Support/Neo4j Desktop/Application/neo4jDatabases/database-d4f0cde4-a656-47c5-ab9a-e6a9cd9efb5c/installation-3.5.12/run
Starting Neo4j.
2019-11-25 17:48:37.263+0000 INFO  ======== Neo4j 3.5.12 ========
2019-11-25 17:48:37.285+0000 INFO  Starting...
2019-11-25 17:48:39.243+0000 INFO  Initiating metrics...
2019-11-25 17:48:41.817+0000 INFO  Sending metrics to CSV file at /Users/mmikol/Library/Application Support/Neo4j Desktop/Application/neo4jDatabases/database-d4f0cde4-a656-47c5-ab9a-e6a9cd9efb5c/installation-3.5.12/metrics
2019-11-25 17:48:42.512+0000 INFO  Bolt enabled on 127.0.0.1:7687.
2019-11-25 17:48:44.842+0000 WARN  Server thread metrics not available (missing neo4j.server.threads.jetty.all)
2019-11-25 17:48:44.843+0000 WARN  Server thread metrics not available (missing neo4j.server.threads.jetty.idle)
2019-11-25 17:48:45.911+0000 INFO  Started.
2019-11-25 17:48:46.352+0000 INFO  Mounted REST API at: /db/manage
2019-11-25 17:48:46.544+0000 INFO  Server thread metrics have been registered successfully
2019-11-25 17:48:48.069+0000 INFO  Remote interface available at http://localhost:7474/
2019-11-25 18:11:18.829+0000 INFO  Neo4j Server shutdown initiated by request
2019-11-25 18:11:18.883+0000 INFO  Stopping...
2019-11-25 18:11:19.055+0000 INFO  Stopped.
